<?xml version="1.0" encoding="UTF-8"?>
<testsuite xmlns:xsi="http://www.w3.org/2001/XMLSchema-instance" xsi:noNamespaceSchemaLocation="https://maven.apache.org/surefire/maven-surefire-plugin/xsd/surefire-test-report.xsd" name="com.recipe.service.manage.ManageControllerTest" time="0.255" tests="2" errors="0" skipped="0" failures="0">
  <properties>
[...]
</properties>
  <testcase name="createNewMenu" classname="com.recipe.service.manage.ManageControllerTest" time="0.017"/>
  <testcase name="home" classname="com.recipe.service.manage.ManageControllerTest" time="0"/>
</testsuite>