<?xml version="1.0" encoding="UTF-8"?>
<testsuite xmlns:xsi="http://www.w3.org/2001/XMLSchema-instance" xsi:noNamespaceSchemaLocation="https://maven.apache.org/surefire/maven-surefire-plugin/xsd/surefire-test-report.xsd" name="com.example.Recipe.MemberControllerTests" time="2.082" tests="2" errors="0" skipped="0" failures="0">
  <properties>
[...]
</properties>
  <testcase name="addMember" classname="com.example.Recipe.MemberControllerTests" time="0.303"/>
  <testcase name="getMember" classname="com.example.Recipe.MemberControllerTests" time="0.012"/>
</testsuite>